0 info it worked if it ends with ok
1 verbose cli [ '/home/dan/.nvm/versions/node/v5.6.0/bin/node',
1 verbose cli   '/home/dan/.nvm/versions/node/v5.6.0/bin/npm',
1 verbose cli   'run',
1 verbose cli   'start' ]
2 info using npm@3.6.0
3 info using node@v5.6.0
4 verbose run-script [ 'prestart', 'start', 'poststart' ]
5 info lifecycle @~prestart: @
6 silly lifecycle @~prestart: no script for prestart, continuing
7 info lifecycle @~start: @
8 verbose lifecycle @~start: unsafe-perm in lifecycle true
9 verbose lifecycle @~start: PATH: /home/dan/.nvm/versions/node/v5.6.0/lib/node_modules/npm/bin/node-gyp-bin:/home/dan/Demos/async-throw/node_modules/.bin:/home/dan/.nvm/versions/node/v5.6.0/bin:/usr/local/heroku/bin:/home/dan/bin:/home/dan/npm/bin:/home/dan/.gem/ruby/1.9.1/bin:/bin:/home/dan/.rvm/gems/ruby-2.2.1/bin:/home/dan/.rvm/gems/ruby-2.2.1@global/bin:/home/dan/.rvm/rubies/ruby-2.2.1/bin:/home/dan/bin:/usr/local/sbin:/usr/local/bin:/usr/sbin:/usr/bin:/sbin:/bin:/usr/games:/usr/local/games:/home/dan/.rvm/bin:/home/dan/.rvm/bin:/home/dan/Demos/dcos/bin:/home/dan/Demos/dcos-wapp/dcos/bin
10 verbose lifecycle @~start: CWD: /home/dan/Demos/async-throw
11 silly lifecycle @~start: Args: [ '-c', 'babel-node athrow.js' ]
12 silly lifecycle @~start: Returned: code: 1  signal: null
13 info lifecycle @~start: Failed to exec start script
14 verbose stack Error: @ start: `babel-node athrow.js`
14 verbose stack Exit status 1
14 verbose stack     at EventEmitter.<anonymous> (/home/dan/.nvm/versions/node/v5.6.0/lib/node_modules/npm/lib/utils/lifecycle.js:232:16)
14 verbose stack     at emitTwo (events.js:100:13)
14 verbose stack     at EventEmitter.emit (events.js:185:7)
14 verbose stack     at ChildProcess.<anonymous> (/home/dan/.nvm/versions/node/v5.6.0/lib/node_modules/npm/lib/utils/spawn.js:24:14)
14 verbose stack     at emitTwo (events.js:100:13)
14 verbose stack     at ChildProcess.emit (events.js:185:7)
14 verbose stack     at maybeClose (internal/child_process.js:827:16)
14 verbose stack     at Process.ChildProcess._handle.onexit (internal/child_process.js:211:5)
15 verbose pkgid @
16 verbose cwd /home/dan/Demos/async-throw
17 error Linux 3.13.0-46-generic
18 error argv "/home/dan/.nvm/versions/node/v5.6.0/bin/node" "/home/dan/.nvm/versions/node/v5.6.0/bin/npm" "run" "start"
19 error node v5.6.0
20 error npm  v3.6.0
21 error code ELIFECYCLE
22 error @ start: `babel-node athrow.js`
22 error Exit status 1
23 error Failed at the @ start script 'babel-node athrow.js'.
23 error Make sure you have the latest version of node.js and npm installed.
23 error If you do, this is most likely a problem with the  package,
23 error not with npm itself.
23 error Tell the author that this fails on your system:
23 error     babel-node athrow.js
23 error You can get information on how to open an issue for this project with:
23 error     npm bugs
23 error Or if that isn't available, you can get their info via:
23 error     npm owner ls
23 error There is likely additional logging output above.
24 verbose exit [ 1, true ]
